C:\WORKSAPCE\MY_7ZIP\CPP\7ZIP\BUNDLES\ALONE7Z\(PROJECTNAME).EXE
C:\WORKSAPCE\MY_7ZIP\CPP\7ZIP\BUNDLES\ALONE7Z\(PROJECTNAME).ILK
C:\WORKSAPCE\MY_7ZIP\CPP\7ZIP\BUNDLES\ALONE7Z\DEBUG\7ZAES.OBJ
C:\WORKSAPCE\MY_7ZIP\CPP\7ZIP\BUNDLES\ALONE7Z\DEBUG\7ZAESREGISTER.OBJ
C:\WORKSAPCE\MY_7ZIP\CPP\7ZIP\BUNDLES\ALONE7Z\DEBUG\7ZCOMPRESSIONMODE.OBJ
C:\WORKSAPCE\MY_7ZIP\CPP\7ZIP\BUNDLES\ALONE7Z\DEBUG\7ZCRC.OBJ
C:\WORKSAPCE\MY_7ZIP\CPP\7ZIP\BUNDLES\ALONE7Z\DEBUG\7ZCRCOPT.OBJ
C:\WORKSAPCE\MY_7ZIP\CPP\7ZIP\BUNDLES\ALONE7Z\DEBUG\7ZDECODE.OBJ
C:\WORKSAPCE\MY_7ZIP\CPP\7ZIP\BUNDLES\ALONE7Z\DEBUG\7ZENCODE.OBJ
C:\WORKSAPCE\MY_7ZIP\CPP\7ZIP\BUNDLES\ALONE7Z\DEBUG\7ZEXTRACT.OBJ
C:\WORKSAPCE\MY_7ZIP\CPP\7ZIP\BUNDLES\ALONE7Z\DEBUG\7ZFOLDERINSTREAM.OBJ
C:\WORKSAPCE\MY_7ZIP\CPP\7ZIP\BUNDLES\ALONE7Z\DEBUG\7ZHANDLER.OBJ
C:\WORKSAPCE\MY_7ZIP\CPP\7ZIP\BUNDLES\ALONE7Z\DEBUG\7ZHANDLEROUT.OBJ
C:\WORKSAPCE\MY_7ZIP\CPP\7ZIP\BUNDLES\ALONE7Z\DEBUG\7ZHEADER.OBJ
C:\WORKSAPCE\MY_7ZIP\CPP\7ZIP\BUNDLES\ALONE7Z\DEBUG\7ZIN.OBJ
C:\WORKSAPCE\MY_7ZIP\CPP\7ZIP\BUNDLES\ALONE7Z\DEBUG\7ZOUT.OBJ
C:\WORKSAPCE\MY_7ZIP\CPP\7ZIP\BUNDLES\ALONE7Z\DEBUG\7ZPROPERTIES.OBJ
C:\WORKSAPCE\MY_7ZIP\CPP\7ZIP\BUNDLES\ALONE7Z\DEBUG\7ZREGISTER.OBJ
C:\WORKSAPCE\MY_7ZIP\CPP\7ZIP\BUNDLES\ALONE7Z\DEBUG\7ZSPECSTREAM.OBJ
C:\WORKSAPCE\MY_7ZIP\CPP\7ZIP\BUNDLES\ALONE7Z\DEBUG\7ZSTREAM.OBJ
C:\WORKSAPCE\MY_7ZIP\CPP\7ZIP\BUNDLES\ALONE7Z\DEBUG\7ZUPDATE.OBJ
C:\WORKSAPCE\MY_7ZIP\CPP\7ZIP\BUNDLES\ALONE7Z\DEBUG\AES.OBJ
C:\WORKSAPCE\MY_7ZIP\CPP\7ZIP\BUNDLES\ALONE7Z\DEBUG\AESOPT.OBJ
C:\WORKSAPCE\MY_7ZIP\CPP\7ZIP\BUNDLES\ALONE7Z\DEBUG\ALLOC.OBJ
C:\Worksapce\MY_7Zip\CPP\7zip\Bundles\Alone7z\Debug\Alone.exe
C:\WORKSAPCE\MY_7ZIP\CPP\7ZIP\BUNDLES\ALONE7Z\DEBUG\ALONE.PCH
C:\WORKSAPCE\MY_7ZIP\CPP\7ZIP\BUNDLES\ALONE7Z\DEBUG\ALONE.PDB
C:\Worksapce\MY_7Zip\CPP\7zip\Bundles\Alone7z\Debug\Alone.write.1.tlog
C:\WORKSAPCE\MY_7ZIP\CPP\7ZIP\BUNDLES\ALONE7Z\DEBUG\ARCHIVECOMMANDLINE.OBJ
C:\WORKSAPCE\MY_7ZIP\CPP\7ZIP\BUNDLES\ALONE7Z\DEBUG\ARCHIVEEXTRACTCALLBACK.OBJ
C:\WORKSAPCE\MY_7ZIP\CPP\7ZIP\BUNDLES\ALONE7Z\DEBUG\ARCHIVEOPENCALLBACK.OBJ
C:\WORKSAPCE\MY_7ZIP\CPP\7ZIP\BUNDLES\ALONE7Z\DEBUG\BCJ2.OBJ
C:\WORKSAPCE\MY_7ZIP\CPP\7ZIP\BUNDLES\ALONE7Z\DEBUG\BCJ2CODER.OBJ
C:\WORKSAPCE\MY_7ZIP\CPP\7ZIP\BUNDLES\ALONE7Z\DEBUG\BCJ2ENC.OBJ
C:\WORKSAPCE\MY_7ZIP\CPP\7ZIP\BUNDLES\ALONE7Z\DEBUG\BCJ2REGISTER.OBJ
C:\WORKSAPCE\MY_7ZIP\CPP\7ZIP\BUNDLES\ALONE7Z\DEBUG\BCJCODER.OBJ
C:\WORKSAPCE\MY_7ZIP\CPP\7ZIP\BUNDLES\ALONE7Z\DEBUG\BCJREGISTER.OBJ
C:\WORKSAPCE\MY_7ZIP\CPP\7ZIP\BUNDLES\ALONE7Z\DEBUG\BENCH.OBJ
C:\WORKSAPCE\MY_7ZIP\CPP\7ZIP\BUNDLES\ALONE7Z\DEBUG\BENCHCON.OBJ
C:\WORKSAPCE\MY_7ZIP\CPP\7ZIP\BUNDLES\ALONE7Z\DEBUG\BRA.OBJ
C:\WORKSAPCE\MY_7ZIP\CPP\7ZIP\BUNDLES\ALONE7Z\DEBUG\BRA86.OBJ
C:\WORKSAPCE\MY_7ZIP\CPP\7ZIP\BUNDLES\ALONE7Z\DEBUG\BRAIA64.OBJ
C:\WORKSAPCE\MY_7ZIP\CPP\7ZIP\BUNDLES\ALONE7Z\DEBUG\BRANCHMISC.OBJ
C:\WORKSAPCE\MY_7ZIP\CPP\7ZIP\BUNDLES\ALONE7Z\DEBUG\BRANCHREGISTER.OBJ
C:\WORKSAPCE\MY_7ZIP\CPP\7ZIP\BUNDLES\ALONE7Z\DEBUG\BYTESWAP.OBJ
C:\Worksapce\MY_7Zip\CPP\7zip\Bundles\Alone7z\Debug\cl.command.1.tlog
C:\Worksapce\MY_7Zip\CPP\7zip\Bundles\Alone7z\Debug\CL.read.1.tlog
C:\Worksapce\MY_7Zip\CPP\7zip\Bundles\Alone7z\Debug\CL.write.1.tlog
C:\WORKSAPCE\MY_7ZIP\CPP\7ZIP\BUNDLES\ALONE7Z\DEBUG\CODERMIXER2.OBJ
C:\WORKSAPCE\MY_7ZIP\CPP\7ZIP\BUNDLES\ALONE7Z\DEBUG\COMMANDLINEPARSER.OBJ
C:\WORKSAPCE\MY_7ZIP\CPP\7ZIP\BUNDLES\ALONE7Z\DEBUG\CONSOLECLOSE.OBJ
C:\WORKSAPCE\MY_7ZIP\CPP\7ZIP\BUNDLES\ALONE7Z\DEBUG\COPYCODER.OBJ
C:\WORKSAPCE\MY_7ZIP\CPP\7ZIP\BUNDLES\ALONE7Z\DEBUG\COPYREGISTER.OBJ
C:\WORKSAPCE\MY_7ZIP\CPP\7ZIP\BUNDLES\ALONE7Z\DEBUG\CPUARCH.OBJ
C:\WORKSAPCE\MY_7ZIP\CPP\7ZIP\BUNDLES\ALONE7Z\DEBUG\CRC.OBJ
C:\WORKSAPCE\MY_7ZIP\CPP\7ZIP\BUNDLES\ALONE7Z\DEBUG\CRCREG.OBJ
C:\WORKSAPCE\MY_7ZIP\CPP\7ZIP\BUNDLES\ALONE7Z\DEBUG\CREATECODER.OBJ
C:\WORKSAPCE\MY_7ZIP\CPP\7ZIP\BUNDLES\ALONE7Z\DEBUG\CWRAPPERS.OBJ
C:\WORKSAPCE\MY_7ZIP\CPP\7ZIP\BUNDLES\ALONE7Z\DEBUG\DEFAULTNAME.OBJ
C:\WORKSAPCE\MY_7ZIP\CPP\7ZIP\BUNDLES\ALONE7Z\DEBUG\DELTA.OBJ
C:\WORKSAPCE\MY_7ZIP\CPP\7ZIP\BUNDLES\ALONE7Z\DEBUG\DELTAFILTER.OBJ
C:\WORKSAPCE\MY_7ZIP\CPP\7ZIP\BUNDLES\ALONE7Z\DEBUG\DLL.OBJ
C:\WORKSAPCE\MY_7ZIP\CPP\7ZIP\BUNDLES\ALONE7Z\DEBUG\DUMMYOUTSTREAM.OBJ
C:\WORKSAPCE\MY_7ZIP\CPP\7ZIP\BUNDLES\ALONE7Z\DEBUG\ENUMDIRITEMS.OBJ
C:\WORKSAPCE\MY_7ZIP\CPP\7ZIP\BUNDLES\ALONE7Z\DEBUG\ERRORMSG.OBJ
C:\WORKSAPCE\MY_7ZIP\CPP\7ZIP\BUNDLES\ALONE7Z\DEBUG\EXTRACT.OBJ
C:\WORKSAPCE\MY_7ZIP\CPP\7ZIP\BUNDLES\ALONE7Z\DEBUG\EXTRACTCALLBACKCONSOLE.OBJ
C:\WORKSAPCE\MY_7ZIP\CPP\7ZIP\BUNDLES\ALONE7Z\DEBUG\EXTRACTINGFILEPATH.OBJ
C:\WORKSAPCE\MY_7ZIP\CPP\7ZIP\BUNDLES\ALONE7Z\DEBUG\FILEDIR.OBJ
C:\WORKSAPCE\MY_7ZIP\CPP\7ZIP\BUNDLES\ALONE7Z\DEBUG\FILEFIND.OBJ
C:\WORKSAPCE\MY_7ZIP\CPP\7ZIP\BUNDLES\ALONE7Z\DEBUG\FILEIO.OBJ
C:\WORKSAPCE\MY_7ZIP\CPP\7ZIP\BUNDLES\ALONE7Z\DEBUG\FILELINK.OBJ
C:\WORKSAPCE\MY_7ZIP\CPP\7ZIP\BUNDLES\ALONE7Z\DEBUG\FILENAME.OBJ
C:\WORKSAPCE\MY_7ZIP\CPP\7ZIP\BUNDLES\ALONE7Z\DEBUG\FILEPATHAUTORENAME.OBJ
C:\WORKSAPCE\MY_7ZIP\CPP\7ZIP\BUNDLES\ALONE7Z\DEBUG\FILESTREAMS.OBJ
C:\WORKSAPCE\MY_7ZIP\CPP\7ZIP\BUNDLES\ALONE7Z\DEBUG\FILTERCODER.OBJ
C:\WORKSAPCE\MY_7ZIP\CPP\7ZIP\BUNDLES\ALONE7Z\DEBUG\HANDLEROUT.OBJ
C:\WORKSAPCE\MY_7ZIP\CPP\7ZIP\BUNDLES\ALONE7Z\DEBUG\HASHCALC.OBJ
C:\WORKSAPCE\MY_7ZIP\CPP\7ZIP\BUNDLES\ALONE7Z\DEBUG\HASHCON.OBJ
C:\WORKSAPCE\MY_7ZIP\CPP\7ZIP\BUNDLES\ALONE7Z\DEBUG\INBUFFER.OBJ
C:\WORKSAPCE\MY_7ZIP\CPP\7ZIP\BUNDLES\ALONE7Z\DEBUG\INOUTTEMPBUFFER.OBJ
C:\WORKSAPCE\MY_7ZIP\CPP\7ZIP\BUNDLES\ALONE7Z\DEBUG\INSTREAMWITHCRC.OBJ
C:\WORKSAPCE\MY_7ZIP\CPP\7ZIP\BUNDLES\ALONE7Z\DEBUG\INTTOSTRING.OBJ
C:\WORKSAPCE\MY_7ZIP\CPP\7ZIP\BUNDLES\ALONE7Z\DEBUG\ITEMNAMEUTILS.OBJ
C:\WORKSAPCE\MY_7ZIP\CPP\7ZIP\BUNDLES\ALONE7Z\DEBUG\LIMITEDSTREAMS.OBJ
C:\Worksapce\MY_7Zip\CPP\7zip\Bundles\Alone7z\Debug\link.command.1.tlog
C:\Worksapce\MY_7Zip\CPP\7zip\Bundles\Alone7z\Debug\link.read.1.tlog
C:\Worksapce\MY_7Zip\CPP\7zip\Bundles\Alone7z\Debug\link.write.1.tlog
C:\Worksapce\MY_7Zip\CPP\7zip\Bundles\Alone7z\Debug\link-cvtres.read.1.tlog
C:\Worksapce\MY_7Zip\CPP\7zip\Bundles\Alone7z\Debug\link-cvtres.write.1.tlog
C:\WORKSAPCE\MY_7ZIP\CPP\7ZIP\BUNDLES\ALONE7Z\DEBUG\LIST.OBJ
C:\WORKSAPCE\MY_7ZIP\CPP\7ZIP\BUNDLES\ALONE7Z\DEBUG\LISTFILEUTILS.OBJ
C:\WORKSAPCE\MY_7ZIP\CPP\7ZIP\BUNDLES\ALONE7Z\DEBUG\LOADCODECS.OBJ
C:\WORKSAPCE\MY_7ZIP\CPP\7ZIP\BUNDLES\ALONE7Z\DEBUG\LOCKEDSTREAM.OBJ
C:\WORKSAPCE\MY_7ZIP\CPP\7ZIP\BUNDLES\ALONE7Z\DEBUG\LZFIND.OBJ
C:\WORKSAPCE\MY_7ZIP\CPP\7ZIP\BUNDLES\ALONE7Z\DEBUG\LZFINDMT.OBJ
C:\WORKSAPCE\MY_7ZIP\CPP\7ZIP\BUNDLES\ALONE7Z\DEBUG\LZMA2DEC.OBJ
C:\WORKSAPCE\MY_7ZIP\CPP\7ZIP\BUNDLES\ALONE7Z\DEBUG\LZMA2DECODER.OBJ
C:\WORKSAPCE\MY_7ZIP\CPP\7ZIP\BUNDLES\ALONE7Z\DEBUG\LZMA2ENC.OBJ
C:\WORKSAPCE\MY_7ZIP\CPP\7ZIP\BUNDLES\ALONE7Z\DEBUG\LZMA2ENCODER.OBJ
C:\WORKSAPCE\MY_7ZIP\CPP\7ZIP\BUNDLES\ALONE7Z\DEBUG\LZMA2REGISTER.OBJ
C:\WORKSAPCE\MY_7ZIP\CPP\7ZIP\BUNDLES\ALONE7Z\DEBUG\LZMADEC.OBJ
C:\WORKSAPCE\MY_7ZIP\CPP\7ZIP\BUNDLES\ALONE7Z\DEBUG\LZMADECODER.OBJ
C:\WORKSAPCE\MY_7ZIP\CPP\7ZIP\BUNDLES\ALONE7Z\DEBUG\LZMAENC.OBJ
C:\WORKSAPCE\MY_7ZIP\CPP\7ZIP\BUNDLES\ALONE7Z\DEBUG\LZMAENCODER.OBJ
C:\WORKSAPCE\MY_7ZIP\CPP\7ZIP\BUNDLES\ALONE7Z\DEBUG\LZMAHANDLER.OBJ
C:\WORKSAPCE\MY_7ZIP\CPP\7ZIP\BUNDLES\ALONE7Z\DEBUG\LZMAREGISTER.OBJ
C:\WORKSAPCE\MY_7ZIP\CPP\7ZIP\BUNDLES\ALONE7Z\DEBUG\MAIN.OBJ
C:\WORKSAPCE\MY_7ZIP\CPP\7ZIP\BUNDLES\ALONE7Z\DEBUG\MAINAR.OBJ
C:\WORKSAPCE\MY_7ZIP\CPP\7ZIP\BUNDLES\ALONE7Z\DEBUG\MEMORYLOCK.OBJ
C:\WORKSAPCE\MY_7ZIP\CPP\7ZIP\BUNDLES\ALONE7Z\DEBUG\METHODID.OBJ
C:\WORKSAPCE\MY_7ZIP\CPP\7ZIP\BUNDLES\ALONE7Z\DEBUG\METHODPROPS.OBJ
C:\WORKSAPCE\MY_7ZIP\CPP\7ZIP\BUNDLES\ALONE7Z\DEBUG\MTCODER.OBJ
C:\WORKSAPCE\MY_7ZIP\CPP\7ZIP\BUNDLES\ALONE7Z\DEBUG\MULTISTREAM.OBJ
C:\WORKSAPCE\MY_7ZIP\CPP\7ZIP\BUNDLES\ALONE7Z\DEBUG\MYAES.OBJ
C:\WORKSAPCE\MY_7ZIP\CPP\7ZIP\BUNDLES\ALONE7Z\DEBUG\MYSTRING.OBJ
C:\WORKSAPCE\MY_7ZIP\CPP\7ZIP\BUNDLES\ALONE7Z\DEBUG\MYVECTOR.OBJ
C:\WORKSAPCE\MY_7ZIP\CPP\7ZIP\BUNDLES\ALONE7Z\DEBUG\NEWHANDLER.OBJ
C:\WORKSAPCE\MY_7ZIP\CPP\7ZIP\BUNDLES\ALONE7Z\DEBUG\OFFSETSTREAM.OBJ
C:\WORKSAPCE\MY_7ZIP\CPP\7ZIP\BUNDLES\ALONE7Z\DEBUG\OPENARCHIVE.OBJ
C:\WORKSAPCE\MY_7ZIP\CPP\7ZIP\BUNDLES\ALONE7Z\DEBUG\OPENCALLBACKCONSOLE.OBJ
C:\WORKSAPCE\MY_7ZIP\CPP\7ZIP\BUNDLES\ALONE7Z\DEBUG\OUTBUFFER.OBJ
C:\WORKSAPCE\MY_7ZIP\CPP\7ZIP\BUNDLES\ALONE7Z\DEBUG\OUTSTREAMWITHCRC.OBJ
C:\WORKSAPCE\MY_7ZIP\CPP\7ZIP\BUNDLES\ALONE7Z\DEBUG\PARSEPROPERTIES.OBJ
C:\WORKSAPCE\MY_7ZIP\CPP\7ZIP\BUNDLES\ALONE7Z\DEBUG\PERCENTPRINTER.OBJ
C:\WORKSAPCE\MY_7ZIP\CPP\7ZIP\BUNDLES\ALONE7Z\DEBUG\PROGRESSUTILS.OBJ
C:\WORKSAPCE\MY_7ZIP\CPP\7ZIP\BUNDLES\ALONE7Z\DEBUG\PROPID.OBJ
C:\WORKSAPCE\MY_7ZIP\CPP\7ZIP\BUNDLES\ALONE7Z\DEBUG\PROPIDUTILS.OBJ
C:\WORKSAPCE\MY_7ZIP\CPP\7ZIP\BUNDLES\ALONE7Z\DEBUG\PROPVARIANT.OBJ
C:\WORKSAPCE\MY_7ZIP\CPP\7ZIP\BUNDLES\ALONE7Z\DEBUG\PROPVARIANTCONV.OBJ
C:\WORKSAPCE\MY_7ZIP\CPP\7ZIP\BUNDLES\ALONE7Z\DEBUG\RANDGEN.OBJ
C:\Worksapce\MY_7Zip\CPP\7zip\Bundles\Alone7z\Debug\rc.command.1.tlog
C:\Worksapce\MY_7Zip\CPP\7zip\Bundles\Alone7z\Debug\rc.read.1.tlog
C:\Worksapce\MY_7Zip\CPP\7zip\Bundles\Alone7z\Debug\rc.write.1.tlog
C:\WORKSAPCE\MY_7ZIP\CPP\7ZIP\BUNDLES\ALONE7Z\DEBUG\RESOURCE.RES
C:\WORKSAPCE\MY_7ZIP\CPP\7ZIP\BUNDLES\ALONE7Z\DEBUG\SETPROPERTIES.OBJ
C:\WORKSAPCE\MY_7ZIP\CPP\7ZIP\BUNDLES\ALONE7Z\DEBUG\SHA256.OBJ
C:\WORKSAPCE\MY_7ZIP\CPP\7ZIP\BUNDLES\ALONE7Z\DEBUG\SHA256REG.OBJ
C:\WORKSAPCE\MY_7ZIP\CPP\7ZIP\BUNDLES\ALONE7Z\DEBUG\SORTUTILS.OBJ
C:\WORKSAPCE\MY_7ZIP\CPP\7ZIP\BUNDLES\ALONE7Z\DEBUG\SPLITHANDLER.OBJ
C:\WORKSAPCE\MY_7ZIP\CPP\7ZIP\BUNDLES\ALONE7Z\DEBUG\STDAFX.OBJ
C:\WORKSAPCE\MY_7ZIP\CPP\7ZIP\BUNDLES\ALONE7Z\DEBUG\STDINSTREAM.OBJ
C:\WORKSAPCE\MY_7ZIP\CPP\7ZIP\BUNDLES\ALONE7Z\DEBUG\STDOUTSTREAM.OBJ
C:\WORKSAPCE\MY_7ZIP\CPP\7ZIP\BUNDLES\ALONE7Z\DEBUG\STREAMBINDER.OBJ
C:\WORKSAPCE\MY_7ZIP\CPP\7ZIP\BUNDLES\ALONE7Z\DEBUG\STREAMOBJECTS.OBJ
C:\WORKSAPCE\MY_7ZIP\CPP\7ZIP\BUNDLES\ALONE7Z\DEBUG\STREAMUTILS.OBJ
C:\WORKSAPCE\MY_7ZIP\CPP\7ZIP\BUNDLES\ALONE7Z\DEBUG\STRINGCONVERT.OBJ
C:\WORKSAPCE\MY_7ZIP\CPP\7ZIP\BUNDLES\ALONE7Z\DEBUG\STRINGTOINT.OBJ
C:\WORKSAPCE\MY_7ZIP\CPP\7ZIP\BUNDLES\ALONE7Z\DEBUG\SYNCHRONIZATION.OBJ
C:\WORKSAPCE\MY_7ZIP\CPP\7ZIP\BUNDLES\ALONE7Z\DEBUG\SYSTEM.OBJ
C:\WORKSAPCE\MY_7ZIP\CPP\7ZIP\BUNDLES\ALONE7Z\DEBUG\TEMPFILES.OBJ
C:\WORKSAPCE\MY_7ZIP\CPP\7ZIP\BUNDLES\ALONE7Z\DEBUG\THREADS.OBJ
C:\WORKSAPCE\MY_7ZIP\CPP\7ZIP\BUNDLES\ALONE7Z\DEBUG\TIMEUTILS.OBJ
C:\WORKSAPCE\MY_7ZIP\CPP\7ZIP\BUNDLES\ALONE7Z\DEBUG\UNIQBLOCKS.OBJ
C:\WORKSAPCE\MY_7ZIP\CPP\7ZIP\BUNDLES\ALONE7Z\DEBUG\UPDATE.OBJ
C:\WORKSAPCE\MY_7ZIP\CPP\7ZIP\BUNDLES\ALONE7Z\DEBUG\UPDATEACTION.OBJ
C:\WORKSAPCE\MY_7ZIP\CPP\7ZIP\BUNDLES\ALONE7Z\DEBUG\UPDATECALLBACK.OBJ
C:\WORKSAPCE\MY_7ZIP\CPP\7ZIP\BUNDLES\ALONE7Z\DEBUG\UPDATECALLBACKCONSOLE.OBJ
C:\WORKSAPCE\MY_7ZIP\CPP\7ZIP\BUNDLES\ALONE7Z\DEBUG\UPDATEPAIR.OBJ
C:\WORKSAPCE\MY_7ZIP\CPP\7ZIP\BUNDLES\ALONE7Z\DEBUG\UPDATEPRODUCE.OBJ
C:\WORKSAPCE\MY_7ZIP\CPP\7ZIP\BUNDLES\ALONE7Z\DEBUG\USERINPUTUTILS.OBJ
C:\WORKSAPCE\MY_7ZIP\CPP\7ZIP\BUNDLES\ALONE7Z\DEBUG\UTFCONVERT.OBJ
C:\Worksapce\MY_7Zip\CPP\7zip\Bundles\Alone7z\Debug\vc100.idb
C:\WORKSAPCE\MY_7ZIP\CPP\7ZIP\BUNDLES\ALONE7Z\DEBUG\VC100.PDB
C:\WORKSAPCE\MY_7ZIP\CPP\7ZIP\BUNDLES\ALONE7Z\DEBUG\VIRTTHREAD.OBJ
C:\WORKSAPCE\MY_7ZIP\CPP\7ZIP\BUNDLES\ALONE7Z\DEBUG\WILDCARD.OBJ
C:\WORKSAPCE\MY_7ZIP\CPP\7ZIP\BUNDLES\ALONE7Z\DEBUG\XZ.OBJ
C:\WORKSAPCE\MY_7ZIP\CPP\7ZIP\BUNDLES\ALONE7Z\DEBUG\XZCRC64.OBJ
C:\WORKSAPCE\MY_7ZIP\CPP\7ZIP\BUNDLES\ALONE7Z\DEBUG\XZCRC64INIT.OBJ
C:\WORKSAPCE\MY_7ZIP\CPP\7ZIP\BUNDLES\ALONE7Z\DEBUG\XZCRC64OPT.OBJ
C:\WORKSAPCE\MY_7ZIP\CPP\7ZIP\BUNDLES\ALONE7Z\DEBUG\XZCRC64REG.OBJ
C:\WORKSAPCE\MY_7ZIP\CPP\7ZIP\BUNDLES\ALONE7Z\DEBUG\XZDEC.OBJ
C:\WORKSAPCE\MY_7ZIP\CPP\7ZIP\BUNDLES\ALONE7Z\DEBUG\XZDECODER.OBJ
C:\WORKSAPCE\MY_7ZIP\CPP\7ZIP\BUNDLES\ALONE7Z\DEBUG\XZENC.OBJ
C:\WORKSAPCE\MY_7ZIP\CPP\7ZIP\BUNDLES\ALONE7Z\DEBUG\XZENCODER.OBJ
C:\WORKSAPCE\MY_7ZIP\CPP\7ZIP\BUNDLES\ALONE7Z\DEBUG\XZHANDLER.OBJ
C:\WORKSAPCE\MY_7ZIP\CPP\7ZIP\BUNDLES\ALONE7Z\DEBUG\XZIN.OBJ
